c:\users\root\documents\visual studio 2015\projects\calculator\calculator\debug\vc140.pdb
c:\users\root\documents\visual studio 2015\projects\calculator\calculator\debug\vc140.idb
c:\users\root\documents\visual studio 2015\projects\calculator\calculator\debug\calc.obj
c:\users\root\documents\visual studio 2015\projects\calculator\calculator\debug\commandparser.obj
c:\users\root\documents\visual studio 2015\projects\calculator\calculator\debug\exception.obj
c:\users\root\documents\visual studio 2015\projects\calculator\calculator\debug\functiontable.obj
c:\users\root\documents\visual studio 2015\projects\calculator\calculator\debug\main.obj
c:\users\root\documents\visual studio 2015\projects\calculator\calculator\debug\node.obj
c:\users\root\documents\visual studio 2015\projects\calculator\calculator\debug\parser.obj
c:\users\root\documents\visual studio 2015\projects\calculator\calculator\debug\scanner.obj
c:\users\root\documents\visual studio 2015\projects\calculator\calculator\debug\storage.obj
c:\users\root\documents\visual studio 2015\projects\calculator\calculator\debug\symboltable.obj
c:\users\root\documents\visual studio 2015\projects\calculator\calculator\debug\tracer.obj
c:\users\root\documents\visual studio 2015\projects\calculator\debug\calculator.ilk
c:\users\root\documents\visual studio 2015\projects\calculator\debug\calculator.exe
c:\users\root\documents\visual studio 2015\projects\calculator\debug\calculator.pdb
c:\users\root\documents\visual studio 2015\projects\calculator\calculator\debug\calculator.tlog\cl.command.1.tlog
c:\users\root\documents\visual studio 2015\projects\calculator\calculator\debug\calculator.tlog\cl.read.1.tlog
c:\users\root\documents\visual studio 2015\projects\calculator\calculator\debug\calculator.tlog\cl.write.1.tlog
c:\users\root\documents\visual studio 2015\projects\calculator\calculator\debug\calculator.tlog\link.command.1.tlog
c:\users\root\documents\visual studio 2015\projects\calculator\calculator\debug\calculator.tlog\link.read.1.tlog
c:\users\root\documents\visual studio 2015\projects\calculator\calculator\debug\calculator.tlog\link.write.1.tlog
